2018-04-02 02:35:00	INFO	casa::::casa	---
2018-04-02 02:35:00	INFO	casa::::casa	CASA Version 4.2.0 (stable r26945)
2018-04-02 02:35:00	INFO	casa::::casa	  Tagged on: Tue, 22 Oct 2013
2018-04-02 02:35:25	INFO	default::::casa	 #######  Setting values to default for task: imhead  #######
2018-04-02 02:35:41	INFO	imhead::::casa	
2018-04-02 02:35:41	INFO	imhead::::casa+	##########################################
2018-04-02 02:35:41	INFO	imhead::::casa+	##### Begin Task: imhead             #####
2018-04-02 02:35:41	INFO	imhead::::casa	imhead(imagename="image1.fits",mode="summary",hdkey="",hdvalue="",
2018-04-02 02:35:41	INFO	imhead::::casa+	        verbose=False)
2018-04-02 02:35:41	WARN		FITS card 76: ORIGIN  = 'CASA 4.7.0-REL (r38335)
2018-04-02 02:35:41	WARN	+	'                                            
2018-04-02 02:35:41	WARN		String value contains non-ASCII_text.
2018-04-02 02:35:41	WARN		Comment contains non-ASCII_text.
2018-04-02 02:35:41	WARN		FITS card 76: ORIGIN  = 'CASA 4.7.0-REL (r38335)
2018-04-02 02:35:41	WARN	+	'                                            
2018-04-02 02:35:41	WARN		String value contains non-ASCII_text.
2018-04-02 02:35:41	WARN		Comment contains non-ASCII_text.
2018-04-02 02:35:42	INFO	FITSCoordinateUtil::fromFITSHeader	Duplicate card 'origin'in header - only first will be used
2018-04-02 02:35:43	INFO	ImageAnalysis::summary	
2018-04-02 02:35:43	INFO	ImageAnalysis::summary+	Image name       : image1.fits
2018-04-02 02:35:43	INFO	ImageAnalysis::summary+	Object name      : best_position
2018-04-02 02:35:43	INFO	ImageAnalysis::summary+	Image type       : FITSImage
2018-04-02 02:35:43	INFO	ImageAnalysis::summary+	Image quantity   : Intensity
2018-04-02 02:35:43	INFO	ImageAnalysis::summary+	Pixel mask(s)    : Parent is masked
2018-04-02 02:35:43	INFO	ImageAnalysis::summary+	Region(s)        : None
2018-04-02 02:35:43	INFO	ImageAnalysis::summary+	Image units      : Jy/beam
2018-04-02 02:35:43	INFO	ImageAnalysis::summary+	Restoring Beam   : 0.312658 arcsec, 0.275495 arcsec, -75.0822 deg
2018-04-02 02:35:43	INFO	ImageAnalysis::summary	
2018-04-02 02:35:43	INFO	ImageAnalysis::summary+	Direction reference : J2000
2018-04-02 02:35:43	INFO	ImageAnalysis::summary+	Spectral  reference : TOPO
2018-04-02 02:35:43	INFO	ImageAnalysis::summary+	Velocity  type      : RADIO
2018-04-02 02:35:43	INFO	ImageAnalysis::summary+	Rest frequency      : 2.2062e+10 Hz
2018-04-02 02:35:43	INFO	ImageAnalysis::summary+	Pointing center     :  05:31:58.694949  +33.08.52.560743
2018-04-02 02:35:43	INFO	ImageAnalysis::summary+	Telescope           : EVLA
2018-04-02 02:35:43	INFO	ImageAnalysis::summary+	Observer            : . Sarah B. Spolaor
2018-04-02 02:35:43	INFO	ImageAnalysis::summary+	Date observation    : 2016/09/06/09:16:19
2018-04-02 02:35:43	INFO	ImageAnalysis::summary+	Telescope position: [-1.60116e+06m, -5.04199e+06m, 3.55488e+06m] (ITRF)
2018-04-02 02:35:43	INFO	ImageAnalysis::summary+	
2018-04-02 02:35:43	INFO	ImageAnalysis::summary+	Axis Coord Type      Name             Proj Shape Tile   Coord value at pixel         Coord incr Units
2018-04-02 02:35:43	INFO	ImageAnalysis::summary+	----------------------------------------------------------------------------------------------------- 
2018-04-02 02:35:43	INFO	ImageAnalysis::summary+	0    0     Direction Right Ascension   SIN  1024 1024  05:31:58.695   512.00      -3.711122e-02 arcsec
2018-04-02 02:35:43	INFO	ImageAnalysis::summary+	1    0     Direction Declination       SIN  1024   32 +33.08.52.561   512.00       3.711122e-02 arcsec
2018-04-02 02:35:43	INFO	ImageAnalysis::summary+	2    2     Spectral  Frequency                 1    1   2.20635e+10     0.00 7.920022459996e+09 Hz
2018-04-02 02:35:43	INFO	ImageAnalysis::summary+	                     Velocity                              -20.1614     0.00      -1.076222e+05 km/s
2018-04-02 02:35:43	INFO	ImageAnalysis::summary+	3    1     Stokes    Stokes                    1    1             I
2018-04-02 02:35:43	INFO	imhead::::casa	##### End Task: imhead               #####
2018-04-02 02:35:43	INFO	imhead::::casa+	##########################################
2018-04-02 03:06:30	INFO	viewer::::casa	
2018-04-02 03:06:30	INFO	viewer::::casa+	##########################################
2018-04-02 03:06:30	INFO	viewer::::casa+	##### Begin Task: viewer             #####
2018-04-02 03:06:30	INFO	viewer::::casa	viewer(infile="",displaytype="raster",channel=0,zoom=1,
2018-04-02 03:06:30	INFO	viewer::::casa+	        outfile="",outscale=1.0,outdpi=300,outformat="jpg",outlandscape=False,
2018-04-02 03:06:30	INFO	viewer::::casa+	        gui=True)
2018-04-02 03:06:31	INFO	viewer::::casa	##### End Task: viewer               #####
2018-04-02 03:06:31	INFO	viewer::::casa+	##########################################
2018-04-02 03:06:34	WARN		FITS card 76: ORIGIN  = 'CASA 4.7.0-REL (r38335)
2018-04-02 03:06:34	WARN	+	'                                            
2018-04-02 03:06:34	WARN		String value contains non-ASCII_text.
2018-04-02 03:06:34	WARN		Comment contains non-ASCII_text.
2018-04-02 03:06:34	WARN		FITS card 76: ORIGIN  = 'CASA 4.7.0-REL (r38335)
2018-04-02 03:06:34	WARN	+	'                                            
2018-04-02 03:06:34	WARN		String value contains non-ASCII_text.
2018-04-02 03:06:34	WARN		Comment contains non-ASCII_text.
2018-04-02 03:06:34	WARN		FITS card 76: ORIGIN  = 'CASA 4.7.0-REL (r38335)
2018-04-02 03:06:34	WARN	+	'                                            
2018-04-02 03:06:34	WARN		String value contains non-ASCII_text.
2018-04-02 03:06:34	WARN		Comment contains non-ASCII_text.
2018-04-02 03:06:34	INFO	FITSCoordinateUtil::fromFITSHeader	Duplicate card 'origin'in header - only first will be used
2018-04-02 03:06:36	WARN		FITS card 76: ORIGIN  = 'CASA 4.7.0-REL (r38335)
2018-04-02 03:06:36	WARN	+	'                                            
2018-04-02 03:06:36	WARN		String value contains non-ASCII_text.
2018-04-02 03:06:36	WARN		Comment contains non-ASCII_text.
2018-04-02 03:06:36	WARN		FITS card 76: ORIGIN  = 'CASA 4.7.0-REL (r38335)
2018-04-02 03:06:36	WARN	+	'                                            
2018-04-02 03:06:36	WARN		String value contains non-ASCII_text.
2018-04-02 03:06:36	WARN		Comment contains non-ASCII_text.
2018-04-02 03:06:36	WARN		FITS card 76: ORIGIN  = 'CASA 4.7.0-REL (r38335)
2018-04-02 03:06:36	WARN	+	'                                            
2018-04-02 03:06:36	WARN		String value contains non-ASCII_text.
2018-04-02 03:06:36	WARN		Comment contains non-ASCII_text.
2018-04-02 03:06:36	INFO	FITSCoordinateUtil::fromFITSHeader	Duplicate card 'origin'in header - only first will be used
2018-04-02 03:48:54	WARN		FITS card 76: ORIGIN  = 'CASA 4.7.0-REL (r38335)
2018-04-02 03:48:54	WARN	+	'                                            
2018-04-02 03:48:54	WARN		String value contains non-ASCII_text.
2018-04-02 03:48:54	WARN		Comment contains non-ASCII_text.
2018-04-02 03:48:54	WARN		FITS card 76: ORIGIN  = 'CASA 4.7.0-REL (r38335)
2018-04-02 03:48:54	WARN	+	'                                            
2018-04-02 03:48:54	WARN		String value contains non-ASCII_text.
2018-04-02 03:48:54	WARN		Comment contains non-ASCII_text.
2018-04-02 03:48:54	WARN		FITS card 76: ORIGIN  = 'CASA 4.7.0-REL (r38335)
2018-04-02 03:48:54	WARN	+	'                                            
2018-04-02 03:48:54	WARN		String value contains non-ASCII_text.
2018-04-02 03:48:54	WARN		Comment contains non-ASCII_text.
2018-04-02 03:48:54	INFO	FITSCoordinateUtil::fromFITSHeader	Duplicate card 'origin'in header - only first will be used
