2018-04-02 01:56:40	INFO	casa::::casa	---
2018-04-02 01:56:40	INFO	casa::::casa	CASA Version 4.2.0 (stable r26945)
2018-04-02 01:56:40	INFO	casa::::casa	  Tagged on: Tue, 22 Oct 2013
2018-04-02 01:56:55	INFO	default::::casa	 #######  Setting values to default for task: imhead  #######
2018-04-02 01:57:26	INFO	imhead::::casa	
2018-04-02 01:57:26	INFO	imhead::::casa+	##########################################
2018-04-02 01:57:26	INFO	imhead::::casa+	##### Begin Task: imhead             #####
2018-04-02 01:57:26	INFO	imhead::::casa	imhead(imagename="image1.fits",mode="summary",hdkey="",hdvalue="",
2018-04-02 01:57:26	INFO	imhead::::casa+	        verbose=False)
2018-04-02 01:57:27	WARN		FITS card 76: ORIGIN  = 'CASA 4.7.0-REL (r38335)
2018-04-02 01:57:27	WARN	+	'                                            
2018-04-02 01:57:27	WARN		String value contains non-ASCII_text.
2018-04-02 01:57:27	WARN		Comment contains non-ASCII_text.
2018-04-02 01:57:27	WARN		FITS card 76: ORIGIN  = 'CASA 4.7.0-REL (r38335)
2018-04-02 01:57:27	WARN	+	'                                            
2018-04-02 01:57:27	WARN		String value contains non-ASCII_text.
2018-04-02 01:57:27	WARN		Comment contains non-ASCII_text.
2018-04-02 01:57:27	INFO	FITSCoordinateUtil::fromFITSHeader	Duplicate card 'origin'in header - only first will be used
2018-04-02 01:57:29	INFO	ImageAnalysis::summary	
2018-04-02 01:57:29	INFO	ImageAnalysis::summary+	Image name       : image1.fits
2018-04-02 01:57:29	INFO	ImageAnalysis::summary+	Object name      : best_position
2018-04-02 01:57:29	INFO	ImageAnalysis::summary+	Image type       : FITSImage
2018-04-02 01:57:29	INFO	ImageAnalysis::summary+	Image quantity   : Intensity
2018-04-02 01:57:29	INFO	ImageAnalysis::summary+	Pixel mask(s)    : Parent is masked
2018-04-02 01:57:29	INFO	ImageAnalysis::summary+	Region(s)        : None
2018-04-02 01:57:29	INFO	ImageAnalysis::summary+	Image units      : Jy/beam
2018-04-02 01:57:29	INFO	ImageAnalysis::summary+	Restoring Beam   : 0.312658 arcsec, 0.275495 arcsec, -75.0822 deg
2018-04-02 01:57:29	INFO	ImageAnalysis::summary	
2018-04-02 01:57:29	INFO	ImageAnalysis::summary+	Direction reference : J2000
2018-04-02 01:57:29	INFO	ImageAnalysis::summary+	Spectral  reference : TOPO
2018-04-02 01:57:29	INFO	ImageAnalysis::summary+	Velocity  type      : RADIO
2018-04-02 01:57:29	INFO	ImageAnalysis::summary+	Rest frequency      : 2.2062e+10 Hz
2018-04-02 01:57:29	INFO	ImageAnalysis::summary+	Pointing center     :  05:31:58.694949  +33.08.52.560743
2018-04-02 01:57:29	INFO	ImageAnalysis::summary+	Telescope           : EVLA
2018-04-02 01:57:29	INFO	ImageAnalysis::summary+	Observer            : . Sarah B. Spolaor
2018-04-02 01:57:29	INFO	ImageAnalysis::summary+	Date observation    : 2016/09/06/09:16:19
2018-04-02 01:57:29	INFO	ImageAnalysis::summary+	Telescope position: [-1.60116e+06m, -5.04199e+06m, 3.55488e+06m] (ITRF)
2018-04-02 01:57:29	INFO	ImageAnalysis::summary+	
2018-04-02 01:57:29	INFO	ImageAnalysis::summary+	Axis Coord Type      Name             Proj Shape Tile   Coord value at pixel         Coord incr Units
2018-04-02 01:57:29	INFO	ImageAnalysis::summary+	----------------------------------------------------------------------------------------------------- 
2018-04-02 01:57:29	INFO	ImageAnalysis::summary+	0    0     Direction Right Ascension   SIN  1024 1024  05:31:58.695   512.00      -3.711122e-02 arcsec
2018-04-02 01:57:29	INFO	ImageAnalysis::summary+	1    0     Direction Declination       SIN  1024   32 +33.08.52.561   512.00       3.711122e-02 arcsec
2018-04-02 01:57:29	INFO	ImageAnalysis::summary+	2    2     Spectral  Frequency                 1    1   2.20635e+10     0.00 7.920022459996e+09 Hz
2018-04-02 01:57:29	INFO	ImageAnalysis::summary+	                     Velocity                              -20.1614     0.00      -1.076222e+05 km/s
2018-04-02 01:57:29	INFO	ImageAnalysis::summary+	3    1     Stokes    Stokes                    1    1             I
2018-04-02 01:57:29	INFO	imhead::::casa	##### End Task: imhead               #####
2018-04-02 01:57:29	INFO	imhead::::casa+	##########################################
2018-04-02 01:58:31	INFO	viewer::::casa	
2018-04-02 01:58:31	INFO	viewer::::casa+	##########################################
2018-04-02 01:58:31	INFO	viewer::::casa+	##### Begin Task: viewer             #####
2018-04-02 01:58:31	INFO	viewer::::casa	viewer(infile="",displaytype="raster",channel=0,zoom=1,
2018-04-02 01:58:31	INFO	viewer::::casa+	        outfile="",outscale=1.0,outdpi=300,outformat="jpg",outlandscape=False,
2018-04-02 01:58:31	INFO	viewer::::casa+	        gui=True)
2018-04-02 01:58:32	INFO	viewer::::casa	##### End Task: viewer               #####
2018-04-02 01:58:32	INFO	viewer::::casa+	##########################################
2018-04-02 01:58:35	WARN		FITS card 76: ORIGIN  = 'CASA 4.7.0-REL (r38335)
2018-04-02 01:58:35	WARN	+	'                                            
2018-04-02 01:58:35	WARN		String value contains non-ASCII_text.
2018-04-02 01:58:35	WARN		Comment contains non-ASCII_text.
2018-04-02 01:58:35	WARN		FITS card 76: ORIGIN  = 'CASA 4.7.0-REL (r38335)
2018-04-02 01:58:35	WARN	+	'                                            
2018-04-02 01:58:35	WARN		String value contains non-ASCII_text.
2018-04-02 01:58:35	WARN		Comment contains non-ASCII_text.
2018-04-02 01:58:35	WARN		FITS card 76: ORIGIN  = 'CASA 4.7.0-REL (r38335)
2018-04-02 01:58:35	WARN	+	'                                            
2018-04-02 01:58:35	WARN		String value contains non-ASCII_text.
2018-04-02 01:58:35	WARN		Comment contains non-ASCII_text.
2018-04-02 01:58:35	INFO	FITSCoordinateUtil::fromFITSHeader	Duplicate card 'origin'in header - only first will be used
2018-04-02 01:58:37	WARN		FITS card 76: ORIGIN  = 'CASA 4.7.0-REL (r38335)
2018-04-02 01:58:37	WARN	+	'                                            
2018-04-02 01:58:37	WARN		String value contains non-ASCII_text.
2018-04-02 01:58:37	WARN		Comment contains non-ASCII_text.
2018-04-02 01:58:37	WARN		FITS card 76: ORIGIN  = 'CASA 4.7.0-REL (r38335)
2018-04-02 01:58:37	WARN	+	'                                            
2018-04-02 01:58:37	WARN		String value contains non-ASCII_text.
2018-04-02 01:58:37	WARN		Comment contains non-ASCII_text.
2018-04-02 01:58:37	WARN		FITS card 76: ORIGIN  = 'CASA 4.7.0-REL (r38335)
2018-04-02 01:58:37	WARN	+	'                                            
2018-04-02 01:58:37	WARN		String value contains non-ASCII_text.
2018-04-02 01:58:37	WARN		Comment contains non-ASCII_text.
2018-04-02 01:58:37	INFO	FITSCoordinateUtil::fromFITSHeader	Duplicate card 'origin'in header - only first will be used
2018-04-02 01:58:43	WARN		FITS card 76: ORIGIN  = 'CASA 4.7.0-REL (r38335)
2018-04-02 01:58:43	WARN	+	'                                            
2018-04-02 01:58:43	WARN		String value contains non-ASCII_text.
2018-04-02 01:58:43	WARN		Comment contains non-ASCII_text.
2018-04-02 01:58:43	WARN		FITS card 76: ORIGIN  = 'CASA 4.7.0-REL (r38335)
2018-04-02 01:58:43	WARN	+	'                                            
2018-04-02 01:58:43	WARN		String value contains non-ASCII_text.
2018-04-02 01:58:43	WARN		Comment contains non-ASCII_text.
2018-04-02 01:58:44	WARN		FITS card 76: ORIGIN  = 'CASA 4.7.0-REL (r38335)
2018-04-02 01:58:44	WARN	+	'                                            
2018-04-02 01:58:44	WARN		String value contains non-ASCII_text.
2018-04-02 01:58:44	WARN		Comment contains non-ASCII_text.
2018-04-02 01:58:44	INFO	FITSCoordinateUtil::fromFITSHeader	Duplicate card 'origin'in header - only first will be used
2018-04-02 01:58:46	WARN		FITS card 76: ORIGIN  = 'CASA 4.7.0-REL (r38335)
2018-04-02 01:58:46	WARN	+	'                                            
2018-04-02 01:58:46	WARN		String value contains non-ASCII_text.
2018-04-02 01:58:46	WARN		Comment contains non-ASCII_text.
2018-04-02 01:58:46	WARN		FITS card 76: ORIGIN  = 'CASA 4.7.0-REL (r38335)
2018-04-02 01:58:46	WARN	+	'                                            
2018-04-02 01:58:46	WARN		String value contains non-ASCII_text.
2018-04-02 01:58:46	WARN		Comment contains non-ASCII_text.
2018-04-02 01:58:46	WARN		FITS card 76: ORIGIN  = 'CASA 4.7.0-REL (r38335)
2018-04-02 01:58:46	WARN	+	'                                            
2018-04-02 01:58:46	WARN		String value contains non-ASCII_text.
2018-04-02 01:58:46	WARN		Comment contains non-ASCII_text.
2018-04-02 01:58:46	INFO	FITSCoordinateUtil::fromFITSHeader	Duplicate card 'origin'in header - only first will be used
2018-04-02 02:00:32	WARN		FITS card 76: ORIGIN  = 'CASA 4.7.0-REL (r38335)
2018-04-02 02:00:32	WARN	+	'                                            
2018-04-02 02:00:32	WARN		String value contains non-ASCII_text.
2018-04-02 02:00:32	WARN		Comment contains non-ASCII_text.
2018-04-02 02:00:32	WARN		FITS card 76: ORIGIN  = 'CASA 4.7.0-REL (r38335)
2018-04-02 02:00:32	WARN	+	'                                            
2018-04-02 02:00:32	WARN		String value contains non-ASCII_text.
2018-04-02 02:00:32	WARN		Comment contains non-ASCII_text.
2018-04-02 02:00:32	WARN		FITS card 76: ORIGIN  = 'CASA 4.7.0-REL (r38335)
2018-04-02 02:00:32	WARN	+	'                                            
2018-04-02 02:00:32	WARN		String value contains non-ASCII_text.
2018-04-02 02:00:32	WARN		Comment contains non-ASCII_text.
2018-04-02 02:00:32	INFO	FITSCoordinateUtil::fromFITSHeader	Duplicate card 'origin'in header - only first will be used
2018-04-02 02:00:34	WARN		FITS card 76: ORIGIN  = 'CASA 4.7.0-REL (r38335)
2018-04-02 02:00:34	WARN	+	'                                            
2018-04-02 02:00:34	WARN		String value contains non-ASCII_text.
2018-04-02 02:00:34	WARN		Comment contains non-ASCII_text.
2018-04-02 02:00:34	WARN		FITS card 76: ORIGIN  = 'CASA 4.7.0-REL (r38335)
2018-04-02 02:00:34	WARN	+	'                                            
2018-04-02 02:00:34	WARN		String value contains non-ASCII_text.
2018-04-02 02:00:34	WARN		Comment contains non-ASCII_text.
2018-04-02 02:00:34	WARN		FITS card 76: ORIGIN  = 'CASA 4.7.0-REL (r38335)
2018-04-02 02:00:34	WARN	+	'                                            
2018-04-02 02:00:34	WARN		String value contains non-ASCII_text.
2018-04-02 02:00:34	WARN		Comment contains non-ASCII_text.
2018-04-02 02:00:34	INFO	FITSCoordinateUtil::fromFITSHeader	Duplicate card 'origin'in header - only first will be used
2018-04-02 02:00:36	WARN		FITS card 76: ORIGIN  = 'CASA 4.7.0-REL (r38335)
2018-04-02 02:00:36	WARN	+	'                                            
2018-04-02 02:00:36	WARN		String value contains non-ASCII_text.
2018-04-02 02:00:36	WARN		Comment contains non-ASCII_text.
2018-04-02 02:00:36	WARN		FITS card 76: ORIGIN  = 'CASA 4.7.0-REL (r38335)
2018-04-02 02:00:36	WARN	+	'                                            
2018-04-02 02:00:36	WARN		String value contains non-ASCII_text.
2018-04-02 02:00:36	WARN		Comment contains non-ASCII_text.
2018-04-02 02:00:36	WARN		FITS card 76: ORIGIN  = 'CASA 4.7.0-REL (r38335)
2018-04-02 02:00:36	WARN	+	'                                            
2018-04-02 02:00:36	WARN		String value contains non-ASCII_text.
2018-04-02 02:00:36	WARN		Comment contains non-ASCII_text.
2018-04-02 02:00:37	INFO	FITSCoordinateUtil::fromFITSHeader	Duplicate card 'origin'in header - only first will be used
2018-04-02 02:00:38	WARN		FITS card 76: ORIGIN  = 'CASA 4.7.0-REL (r38335)
2018-04-02 02:00:38	WARN	+	'                                            
2018-04-02 02:00:38	WARN		String value contains non-ASCII_text.
2018-04-02 02:00:38	WARN		Comment contains non-ASCII_text.
2018-04-02 02:00:38	WARN		FITS card 76: ORIGIN  = 'CASA 4.7.0-REL (r38335)
2018-04-02 02:00:38	WARN	+	'                                            
2018-04-02 02:00:38	WARN		String value contains non-ASCII_text.
2018-04-02 02:00:38	WARN		Comment contains non-ASCII_text.
2018-04-02 02:00:39	WARN		FITS card 76: ORIGIN  = 'CASA 4.7.0-REL (r38335)
2018-04-02 02:00:39	WARN	+	'                                            
2018-04-02 02:00:39	WARN		String value contains non-ASCII_text.
2018-04-02 02:00:39	WARN		Comment contains non-ASCII_text.
2018-04-02 02:00:39	INFO	FITSCoordinateUtil::fromFITSHeader	Duplicate card 'origin'in header - only first will be used
2018-04-02 02:00:41	WARN		FITS card 76: ORIGIN  = 'CASA 4.7.0-REL (r38335)
2018-04-02 02:00:41	WARN	+	'                                            
2018-04-02 02:00:41	WARN		String value contains non-ASCII_text.
2018-04-02 02:00:41	WARN		Comment contains non-ASCII_text.
2018-04-02 02:00:41	WARN		FITS card 76: ORIGIN  = 'CASA 4.7.0-REL (r38335)
2018-04-02 02:00:41	WARN	+	'                                            
2018-04-02 02:00:41	WARN		String value contains non-ASCII_text.
2018-04-02 02:00:41	WARN		Comment contains non-ASCII_text.
2018-04-02 02:00:41	WARN		FITS card 76: ORIGIN  = 'CASA 4.7.0-REL (r38335)
2018-04-02 02:00:41	WARN	+	'                                            
2018-04-02 02:00:41	WARN		String value contains non-ASCII_text.
2018-04-02 02:00:41	WARN		Comment contains non-ASCII_text.
2018-04-02 02:00:41	INFO	FITSCoordinateUtil::fromFITSHeader	Duplicate card 'origin'in header - only first will be used
2018-04-02 02:00:43	WARN		FITS card 76: ORIGIN  = 'CASA 4.7.0-REL (r38335)
2018-04-02 02:00:43	WARN	+	'                                            
2018-04-02 02:00:43	WARN		String value contains non-ASCII_text.
2018-04-02 02:00:43	WARN		Comment contains non-ASCII_text.
2018-04-02 02:00:43	WARN		FITS card 76: ORIGIN  = 'CASA 4.7.0-REL (r38335)
2018-04-02 02:00:43	WARN	+	'                                            
2018-04-02 02:00:43	WARN		String value contains non-ASCII_text.
2018-04-02 02:00:43	WARN		Comment contains non-ASCII_text.
2018-04-02 02:00:43	WARN		FITS card 76: ORIGIN  = 'CASA 4.7.0-REL (r38335)
2018-04-02 02:00:43	WARN	+	'                                            
2018-04-02 02:00:43	WARN		String value contains non-ASCII_text.
2018-04-02 02:00:43	WARN		Comment contains non-ASCII_text.
2018-04-02 02:00:43	INFO	FITSCoordinateUtil::fromFITSHeader	Duplicate card 'origin'in header - only first will be used
2018-04-02 02:00:49	WARN		FITS card 76: ORIGIN  = 'CASA 4.7.0-REL (r38335)
2018-04-02 02:00:49	WARN	+	'                                            
2018-04-02 02:00:49	WARN		String value contains non-ASCII_text.
2018-04-02 02:00:49	WARN		Comment contains non-ASCII_text.
2018-04-02 02:00:50	WARN		FITS card 76: ORIGIN  = 'CASA 4.7.0-REL (r38335)
2018-04-02 02:00:50	WARN	+	'                                            
2018-04-02 02:00:50	WARN		String value contains non-ASCII_text.
2018-04-02 02:00:50	WARN		Comment contains non-ASCII_text.
2018-04-02 02:00:50	WARN		FITS card 76: ORIGIN  = 'CASA 4.7.0-REL (r38335)
2018-04-02 02:00:50	WARN	+	'                                            
2018-04-02 02:00:50	WARN		String value contains non-ASCII_text.
2018-04-02 02:00:50	WARN		Comment contains non-ASCII_text.
2018-04-02 02:00:50	INFO	FITSCoordinateUtil::fromFITSHeader	Duplicate card 'origin'in header - only first will be used
2018-04-02 02:00:52	WARN		FITS card 76: ORIGIN  = 'CASA 4.7.0-REL (r38335)
2018-04-02 02:00:52	WARN	+	'                                            
2018-04-02 02:00:52	WARN		String value contains non-ASCII_text.
2018-04-02 02:00:52	WARN		Comment contains non-ASCII_text.
2018-04-02 02:00:52	WARN		FITS card 76: ORIGIN  = 'CASA 4.7.0-REL (r38335)
2018-04-02 02:00:52	WARN	+	'                                            
2018-04-02 02:00:52	WARN		String value contains non-ASCII_text.
2018-04-02 02:00:52	WARN		Comment contains non-ASCII_text.
2018-04-02 02:00:52	WARN		FITS card 76: ORIGIN  = 'CASA 4.7.0-REL (r38335)
2018-04-02 02:00:52	WARN	+	'                                            
2018-04-02 02:00:52	WARN		String value contains non-ASCII_text.
2018-04-02 02:00:52	WARN		Comment contains non-ASCII_text.
2018-04-02 02:00:53	INFO	FITSCoordinateUtil::fromFITSHeader	Duplicate card 'origin'in header - only first will be used
2018-04-02 02:01:24	WARN		FITS card 76: ORIGIN  = 'CASA 4.7.0-REL (r38335)
2018-04-02 02:01:24	WARN	+	'                                            
2018-04-02 02:01:24	WARN		String value contains non-ASCII_text.
2018-04-02 02:01:24	WARN		Comment contains non-ASCII_text.
2018-04-02 02:01:24	WARN		FITS card 76: ORIGIN  = 'CASA 4.7.0-REL (r38335)
2018-04-02 02:01:24	WARN	+	'                                            
2018-04-02 02:01:24	WARN		String value contains non-ASCII_text.
2018-04-02 02:01:24	WARN		Comment contains non-ASCII_text.
2018-04-02 02:01:24	WARN		FITS card 76: ORIGIN  = 'CASA 4.7.0-REL (r38335)
2018-04-02 02:01:24	WARN	+	'                                            
2018-04-02 02:01:24	WARN		String value contains non-ASCII_text.
2018-04-02 02:01:24	WARN		Comment contains non-ASCII_text.
2018-04-02 02:01:25	INFO	FITSCoordinateUtil::fromFITSHeader	Duplicate card 'origin'in header - only first will be used
2018-04-02 02:28:28	WARN		FITS card 76: ORIGIN  = 'CASA 4.7.0-REL (r38335)
2018-04-02 02:28:28	WARN	+	'                                            
2018-04-02 02:28:28	WARN		String value contains non-ASCII_text.
2018-04-02 02:28:28	WARN		Comment contains non-ASCII_text.
2018-04-02 02:28:28	WARN		FITS card 76: ORIGIN  = 'CASA 4.7.0-REL (r38335)
2018-04-02 02:28:28	WARN	+	'                                            
2018-04-02 02:28:28	WARN		String value contains non-ASCII_text.
2018-04-02 02:28:28	WARN		Comment contains non-ASCII_text.
2018-04-02 02:28:28	WARN		FITS card 76: ORIGIN  = 'CASA 4.7.0-REL (r38335)
2018-04-02 02:28:28	WARN	+	'                                            
2018-04-02 02:28:28	WARN		String value contains non-ASCII_text.
2018-04-02 02:28:28	WARN		Comment contains non-ASCII_text.
2018-04-02 02:28:28	INFO	FITSCoordinateUtil::fromFITSHeader	Duplicate card 'origin'in header - only first will be used
2018-04-02 02:28:30	INFO	LatticeAsVector::setDefaultOptions 	Initial X and Y increments set to 10, 10
2018-04-02 02:28:30	INFO	LatticeAsVector::setDefaultOptions +	Use Adjust GUI to change to suit
2018-04-02 02:28:31	WARN	LatticePADMVector::drawDataSelf (file /var/rpmbuild/BUILD/casapy-stable/casapy-stable-42.0.26945/code/display/DisplayDatas/LatticePADMVector.tcc, line 94)	Units of image are not angular, assuming degrees
2018-04-02 02:28:31	WARN	LatticePADMVector::drawDataSelf (file /var/rpmbuild/BUILD/casapy-stable/casapy-stable-42.0.26945/code/display/DisplayDatas/LatticePADMVector.tcc, line 94)	Units of image are not angular, assuming degrees
2018-04-02 02:28:41	WARN	LatticePADMVector::drawDataSelf (file /var/rpmbuild/BUILD/casapy-stable/casapy-stable-42.0.26945/code/display/DisplayDatas/LatticePADMVector.tcc, line 94)	Units of image are not angular, assuming degrees
2018-04-02 02:28:42	WARN	LatticePADMVector::drawDataSelf (file /var/rpmbuild/BUILD/casapy-stable/casapy-stable-42.0.26945/code/display/DisplayDatas/LatticePADMVector.tcc, line 94)	Units of image are not angular, assuming degrees
2018-04-02 02:28:42	WARN	LatticePADMVector::drawDataSelf (file /var/rpmbuild/BUILD/casapy-stable/casapy-stable-42.0.26945/code/display/DisplayDatas/LatticePADMVector.tcc, line 94)	Units of image are not angular, assuming degrees
2018-04-02 02:28:42	WARN	LatticePADMVector::drawDataSelf (file /var/rpmbuild/BUILD/casapy-stable/casapy-stable-42.0.26945/code/display/DisplayDatas/LatticePADMVector.tcc, line 94)	Units of image are not angular, assuming degrees
2018-04-02 02:28:45	WARN		FITS card 76: ORIGIN  = 'CASA 4.7.0-REL (r38335)
2018-04-02 02:28:45	WARN	+	'                                            
2018-04-02 02:28:45	WARN		String value contains non-ASCII_text.
2018-04-02 02:28:45	WARN		Comment contains non-ASCII_text.
2018-04-02 02:28:45	WARN		FITS card 76: ORIGIN  = 'CASA 4.7.0-REL (r38335)
2018-04-02 02:28:45	WARN	+	'                                            
2018-04-02 02:28:45	WARN		String value contains non-ASCII_text.
2018-04-02 02:28:45	WARN		Comment contains non-ASCII_text.
2018-04-02 02:28:45	WARN		FITS card 76: ORIGIN  = 'CASA 4.7.0-REL (r38335)
2018-04-02 02:28:45	WARN	+	'                                            
2018-04-02 02:28:45	WARN		String value contains non-ASCII_text.
2018-04-02 02:28:45	WARN		Comment contains non-ASCII_text.
2018-04-02 02:28:46	INFO	FITSCoordinateUtil::fromFITSHeader	Duplicate card 'origin'in header - only first will be used
2018-04-02 02:28:49	WARN	LatticePADMVector::drawDataSelf (file /var/rpmbuild/BUILD/casapy-stable/casapy-stable-42.0.26945/code/display/DisplayDatas/LatticePADMVector.tcc, line 94)	Units of image are not angular, assuming degrees
2018-04-02 02:28:55	WARN		FITS card 76: ORIGIN  = 'CASA 4.7.0-REL (r38335)
2018-04-02 02:28:55	WARN	+	'                                            
2018-04-02 02:28:55	WARN		String value contains non-ASCII_text.
2018-04-02 02:28:55	WARN		Comment contains non-ASCII_text.
2018-04-02 02:28:55	WARN		FITS card 76: ORIGIN  = 'CASA 4.7.0-REL (r38335)
2018-04-02 02:28:55	WARN	+	'                                            
2018-04-02 02:28:55	WARN		String value contains non-ASCII_text.
2018-04-02 02:28:55	WARN		Comment contains non-ASCII_text.
2018-04-02 02:28:56	WARN		FITS card 76: ORIGIN  = 'CASA 4.7.0-REL (r38335)
2018-04-02 02:28:56	WARN	+	'                                            
2018-04-02 02:28:56	WARN		String value contains non-ASCII_text.
2018-04-02 02:28:56	WARN		Comment contains non-ASCII_text.
2018-04-02 02:28:56	INFO	FITSCoordinateUtil::fromFITSHeader	Duplicate card 'origin'in header - only first will be used
2018-04-02 02:28:58	INFO	LatticeAsVector::setDefaultOptions 	Initial X and Y increments set to 10, 10
2018-04-02 02:28:58	INFO	LatticeAsVector::setDefaultOptions +	Use Adjust GUI to change to suit
2018-04-02 02:28:58	WARN	LatticePADMVector::drawDataSelf (file /var/rpmbuild/BUILD/casapy-stable/casapy-stable-42.0.26945/code/display/DisplayDatas/LatticePADMVector.tcc, line 94)	Units of image are not angular, assuming degrees
2018-04-02 02:28:59	WARN	LatticePADMVector::drawDataSelf (file /var/rpmbuild/BUILD/casapy-stable/casapy-stable-42.0.26945/code/display/DisplayDatas/LatticePADMVector.tcc, line 94)	Units of image are not angular, assuming degrees
2018-04-02 02:28:59	WARN	LatticePADMVector::drawDataSelf (file /var/rpmbuild/BUILD/casapy-stable/casapy-stable-42.0.26945/code/display/DisplayDatas/LatticePADMVector.tcc, line 94)	Units of image are not angular, assuming degrees
2018-04-02 02:29:02	WARN		FITS card 76: ORIGIN  = 'CASA 4.7.0-REL (r38335)
2018-04-02 02:29:02	WARN	+	'                                            
2018-04-02 02:29:02	WARN		String value contains non-ASCII_text.
2018-04-02 02:29:02	WARN		Comment contains non-ASCII_text.
2018-04-02 02:29:02	WARN		FITS card 76: ORIGIN  = 'CASA 4.7.0-REL (r38335)
2018-04-02 02:29:02	WARN	+	'                                            
2018-04-02 02:29:02	WARN		String value contains non-ASCII_text.
2018-04-02 02:29:02	WARN		Comment contains non-ASCII_text.
2018-04-02 02:29:02	WARN		FITS card 76: ORIGIN  = 'CASA 4.7.0-REL (r38335)
2018-04-02 02:29:02	WARN	+	'                                            
2018-04-02 02:29:02	WARN		String value contains non-ASCII_text.
2018-04-02 02:29:02	WARN		Comment contains non-ASCII_text.
2018-04-02 02:29:02	INFO	FITSCoordinateUtil::fromFITSHeader	Duplicate card 'origin'in header - only first will be used
2018-04-02 02:29:04	WARN		FITS card 76: ORIGIN  = 'CASA 4.7.0-REL (r38335)
2018-04-02 02:29:04	WARN	+	'                                            
2018-04-02 02:29:04	WARN		String value contains non-ASCII_text.
2018-04-02 02:29:04	WARN		Comment contains non-ASCII_text.
2018-04-02 02:29:05	WARN		FITS card 76: ORIGIN  = 'CASA 4.7.0-REL (r38335)
2018-04-02 02:29:05	WARN	+	'                                            
2018-04-02 02:29:05	WARN		String value contains non-ASCII_text.
2018-04-02 02:29:05	WARN		Comment contains non-ASCII_text.
2018-04-02 02:29:05	WARN		FITS card 76: ORIGIN  = 'CASA 4.7.0-REL (r38335)
2018-04-02 02:29:05	WARN	+	'                                            
2018-04-02 02:29:05	WARN		String value contains non-ASCII_text.
2018-04-02 02:29:05	WARN		Comment contains non-ASCII_text.
2018-04-02 02:29:05	INFO	FITSCoordinateUtil::fromFITSHeader	Duplicate card 'origin'in header - only first will be used
2018-04-02 02:29:07	WARN		FITS card 76: ORIGIN  = 'CASA 4.7.0-REL (r38335)
2018-04-02 02:29:07	WARN	+	'                                            
2018-04-02 02:29:07	WARN		String value contains non-ASCII_text.
2018-04-02 02:29:07	WARN		Comment contains non-ASCII_text.
2018-04-02 02:29:07	WARN		FITS card 76: ORIGIN  = 'CASA 4.7.0-REL (r38335)
2018-04-02 02:29:07	WARN	+	'                                            
2018-04-02 02:29:07	WARN		String value contains non-ASCII_text.
2018-04-02 02:29:07	WARN		Comment contains non-ASCII_text.
2018-04-02 02:29:07	WARN		FITS card 76: ORIGIN  = 'CASA 4.7.0-REL (r38335)
2018-04-02 02:29:07	WARN	+	'                                            
2018-04-02 02:29:07	WARN		String value contains non-ASCII_text.
2018-04-02 02:29:07	WARN		Comment contains non-ASCII_text.
2018-04-02 02:29:07	INFO	FITSCoordinateUtil::fromFITSHeader	Duplicate card 'origin'in header - only first will be used
2018-04-02 02:29:09	WARN		FITS card 76: ORIGIN  = 'CASA 4.7.0-REL (r38335)
2018-04-02 02:29:09	WARN	+	'                                            
2018-04-02 02:29:09	WARN		String value contains non-ASCII_text.
2018-04-02 02:29:09	WARN		Comment contains non-ASCII_text.
2018-04-02 02:29:09	WARN		FITS card 76: ORIGIN  = 'CASA 4.7.0-REL (r38335)
2018-04-02 02:29:09	WARN	+	'                                            
2018-04-02 02:29:09	WARN		String value contains non-ASCII_text.
2018-04-02 02:29:09	WARN		Comment contains non-ASCII_text.
2018-04-02 02:29:09	WARN		FITS card 76: ORIGIN  = 'CASA 4.7.0-REL (r38335)
2018-04-02 02:29:09	WARN	+	'                                            
2018-04-02 02:29:09	WARN		String value contains non-ASCII_text.
2018-04-02 02:29:09	WARN		Comment contains non-ASCII_text.
2018-04-02 02:29:10	INFO	FITSCoordinateUtil::fromFITSHeader	Duplicate card 'origin'in header - only first will be used
2018-04-02 02:30:06	WARN	LatticePADMVector::drawDataSelf (file /var/rpmbuild/BUILD/casapy-stable/casapy-stable-42.0.26945/code/display/DisplayDatas/LatticePADMVector.tcc, line 94)	Units of image are not angular, assuming degrees
2018-04-02 02:30:06	WARN	LatticePADMVector::drawDataSelf (file /var/rpmbuild/BUILD/casapy-stable/casapy-stable-42.0.26945/code/display/DisplayDatas/LatticePADMVector.tcc, line 94)	Units of image are not angular, assuming degrees
2018-04-02 02:30:09	WARN		FITS card 76: ORIGIN  = 'CASA 4.7.0-REL (r38335)
2018-04-02 02:30:09	WARN	+	'                                            
2018-04-02 02:30:09	WARN		String value contains non-ASCII_text.
2018-04-02 02:30:09	WARN		Comment contains non-ASCII_text.
2018-04-02 02:30:09	WARN		FITS card 76: ORIGIN  = 'CASA 4.7.0-REL (r38335)
2018-04-02 02:30:09	WARN	+	'                                            
2018-04-02 02:30:09	WARN		String value contains non-ASCII_text.
2018-04-02 02:30:09	WARN		Comment contains non-ASCII_text.
2018-04-02 02:30:09	WARN		FITS card 76: ORIGIN  = 'CASA 4.7.0-REL (r38335)
2018-04-02 02:30:09	WARN	+	'                                            
2018-04-02 02:30:09	WARN		String value contains non-ASCII_text.
2018-04-02 02:30:09	WARN		Comment contains non-ASCII_text.
2018-04-02 02:30:09	INFO	FITSCoordinateUtil::fromFITSHeader	Duplicate card 'origin'in header - only first will be used
2018-04-02 02:30:12	WARN	LatticePADMVector::drawDataSelf (file /var/rpmbuild/BUILD/casapy-stable/casapy-stable-42.0.26945/code/display/DisplayDatas/LatticePADMVector.tcc, line 94)	Units of image are not angular, assuming degrees
2018-04-02 02:30:12	WARN	LatticePADMVector::drawDataSelf (file /var/rpmbuild/BUILD/casapy-stable/casapy-stable-42.0.26945/code/display/DisplayDatas/LatticePADMVector.tcc, line 94)	Units of image are not angular, assuming degrees
2018-04-02 02:30:14	WARN		FITS card 76: ORIGIN  = 'CASA 4.7.0-REL (r38335)
2018-04-02 02:30:14	WARN	+	'                                            
2018-04-02 02:30:14	WARN		String value contains non-ASCII_text.
2018-04-02 02:30:14	WARN		Comment contains non-ASCII_text.
2018-04-02 02:30:14	WARN		FITS card 76: ORIGIN  = 'CASA 4.7.0-REL (r38335)
2018-04-02 02:30:14	WARN	+	'                                            
2018-04-02 02:30:14	WARN		String value contains non-ASCII_text.
2018-04-02 02:30:14	WARN		Comment contains non-ASCII_text.
2018-04-02 02:30:14	WARN		FITS card 76: ORIGIN  = 'CASA 4.7.0-REL (r38335)
2018-04-02 02:30:14	WARN	+	'                                            
2018-04-02 02:30:14	WARN		String value contains non-ASCII_text.
2018-04-02 02:30:14	WARN		Comment contains non-ASCII_text.
2018-04-02 02:30:14	INFO	FITSCoordinateUtil::fromFITSHeader	Duplicate card 'origin'in header - only first will be used
2018-04-02 02:30:16	WARN		FITS card 76: ORIGIN  = 'CASA 4.7.0-REL (r38335)
2018-04-02 02:30:16	WARN	+	'                                            
2018-04-02 02:30:16	WARN		String value contains non-ASCII_text.
2018-04-02 02:30:16	WARN		Comment contains non-ASCII_text.
2018-04-02 02:30:16	WARN		FITS card 76: ORIGIN  = 'CASA 4.7.0-REL (r38335)
2018-04-02 02:30:16	WARN	+	'                                            
2018-04-02 02:30:16	WARN		String value contains non-ASCII_text.
2018-04-02 02:30:16	WARN		Comment contains non-ASCII_text.
2018-04-02 02:30:16	WARN		FITS card 76: ORIGIN  = 'CASA 4.7.0-REL (r38335)
2018-04-02 02:30:16	WARN	+	'                                            
2018-04-02 02:30:16	WARN		String value contains non-ASCII_text.
2018-04-02 02:30:16	WARN		Comment contains non-ASCII_text.
2018-04-02 02:30:16	INFO	FITSCoordinateUtil::fromFITSHeader	Duplicate card 'origin'in header - only first will be used
2018-04-02 02:30:19	WARN		FITS card 76: ORIGIN  = 'CASA 4.7.0-REL (r38335)
2018-04-02 02:30:19	WARN	+	'                                            
2018-04-02 02:30:19	WARN		String value contains non-ASCII_text.
2018-04-02 02:30:19	WARN		Comment contains non-ASCII_text.
2018-04-02 02:30:19	WARN		FITS card 76: ORIGIN  = 'CASA 4.7.0-REL (r38335)
2018-04-02 02:30:19	WARN	+	'                                            
2018-04-02 02:30:19	WARN		String value contains non-ASCII_text.
2018-04-02 02:30:19	WARN		Comment contains non-ASCII_text.
2018-04-02 02:30:19	WARN		FITS card 76: ORIGIN  = 'CASA 4.7.0-REL (r38335)
2018-04-02 02:30:19	WARN	+	'                                            
2018-04-02 02:30:19	WARN		String value contains non-ASCII_text.
2018-04-02 02:30:19	WARN		Comment contains non-ASCII_text.
2018-04-02 02:30:19	INFO	FITSCoordinateUtil::fromFITSHeader	Duplicate card 'origin'in header - only first will be used
2018-04-02 02:30:21	WARN		FITS card 76: ORIGIN  = 'CASA 4.7.0-REL (r38335)
2018-04-02 02:30:21	WARN	+	'                                            
2018-04-02 02:30:21	WARN		String value contains non-ASCII_text.
2018-04-02 02:30:21	WARN		Comment contains non-ASCII_text.
2018-04-02 02:30:21	WARN		FITS card 76: ORIGIN  = 'CASA 4.7.0-REL (r38335)
2018-04-02 02:30:21	WARN	+	'                                            
2018-04-02 02:30:21	WARN		String value contains non-ASCII_text.
2018-04-02 02:30:21	WARN		Comment contains non-ASCII_text.
2018-04-02 02:30:21	WARN		FITS card 76: ORIGIN  = 'CASA 4.7.0-REL (r38335)
2018-04-02 02:30:21	WARN	+	'                                            
2018-04-02 02:30:21	WARN		String value contains non-ASCII_text.
2018-04-02 02:30:21	WARN		Comment contains non-ASCII_text.
2018-04-02 02:30:21	INFO	FITSCoordinateUtil::fromFITSHeader	Duplicate card 'origin'in header - only first will be used
2018-04-02 02:30:28	WARN	LatticePADMVector::drawDataSelf (file /var/rpmbuild/BUILD/casapy-stable/casapy-stable-42.0.26945/code/display/DisplayDatas/LatticePADMVector.tcc, line 94)	Units of image are not angular, assuming degrees
2018-04-02 02:30:28	WARN	LatticePADMVector::drawDataSelf (file /var/rpmbuild/BUILD/casapy-stable/casapy-stable-42.0.26945/code/display/DisplayDatas/LatticePADMVector.tcc, line 94)	Units of image are not angular, assuming degrees
2018-04-02 02:30:29	WARN	LatticePADMVector::drawDataSelf (file /var/rpmbuild/BUILD/casapy-stable/casapy-stable-42.0.26945/code/display/DisplayDatas/LatticePADMVector.tcc, line 94)	Units of image are not angular, assuming degrees
2018-04-02 02:30:29	WARN	LatticePADMVector::drawDataSelf (file /var/rpmbuild/BUILD/casapy-stable/casapy-stable-42.0.26945/code/display/DisplayDatas/LatticePADMVector.tcc, line 94)	Units of image are not angular, assuming degrees
2018-04-02 02:30:29	WARN	LatticePADMVector::drawDataSelf (file /var/rpmbuild/BUILD/casapy-stable/casapy-stable-42.0.26945/code/display/DisplayDatas/LatticePADMVector.tcc, line 94)	Units of image are not angular, assuming degrees
2018-04-02 02:30:29	WARN	LatticePADMVector::drawDataSelf (file /var/rpmbuild/BUILD/casapy-stable/casapy-stable-42.0.26945/code/display/DisplayDatas/LatticePADMVector.tcc, line 94)	Units of image are not angular, assuming degrees
2018-04-02 02:30:30	WARN	LatticePADMVector::drawDataSelf (file /var/rpmbuild/BUILD/casapy-stable/casapy-stable-42.0.26945/code/display/DisplayDatas/LatticePADMVector.tcc, line 94)	Units of image are not angular, assuming degrees
2018-04-02 02:30:30	WARN	LatticePADMVector::drawDataSelf (file /var/rpmbuild/BUILD/casapy-stable/casapy-stable-42.0.26945/code/display/DisplayDatas/LatticePADMVector.tcc, line 94)	Units of image are not angular, assuming degrees
2018-04-02 02:30:30	WARN	LatticePADMVector::drawDataSelf (file /var/rpmbuild/BUILD/casapy-stable/casapy-stable-42.0.26945/code/display/DisplayDatas/LatticePADMVector.tcc, line 94)	Units of image are not angular, assuming degrees
2018-04-02 02:30:30	WARN	LatticePADMVector::drawDataSelf (file /var/rpmbuild/BUILD/casapy-stable/casapy-stable-42.0.26945/code/display/DisplayDatas/LatticePADMVector.tcc, line 94)	Units of image are not angular, assuming degrees
2018-04-02 02:30:31	WARN	LatticePADMVector::drawDataSelf (file /var/rpmbuild/BUILD/casapy-stable/casapy-stable-42.0.26945/code/display/DisplayDatas/LatticePADMVector.tcc, line 94)	Units of image are not angular, assuming degrees
2018-04-02 02:30:31	WARN	LatticePADMVector::drawDataSelf (file /var/rpmbuild/BUILD/casapy-stable/casapy-stable-42.0.26945/code/display/DisplayDatas/LatticePADMVector.tcc, line 94)	Units of image are not angular, assuming degrees
2018-04-02 02:30:31	WARN	LatticePADMVector::drawDataSelf (file /var/rpmbuild/BUILD/casapy-stable/casapy-stable-42.0.26945/code/display/DisplayDatas/LatticePADMVector.tcc, line 94)	Units of image are not angular, assuming degrees
2018-04-02 02:30:31	WARN	LatticePADMVector::drawDataSelf (file /var/rpmbuild/BUILD/casapy-stable/casapy-stable-42.0.26945/code/display/DisplayDatas/LatticePADMVector.tcc, line 94)	Units of image are not angular, assuming degrees
2018-04-02 02:30:31	WARN	LatticePADMVector::drawDataSelf (file /var/rpmbuild/BUILD/casapy-stable/casapy-stable-42.0.26945/code/display/DisplayDatas/LatticePADMVector.tcc, line 94)	Units of image are not angular, assuming degrees
2018-04-02 02:30:31	WARN	LatticePADMVector::drawDataSelf (file /var/rpmbuild/BUILD/casapy-stable/casapy-stable-42.0.26945/code/display/DisplayDatas/LatticePADMVector.tcc, line 94)	Units of image are not angular, assuming degrees
2018-04-02 02:30:32	WARN	LatticePADMVector::drawDataSelf (file /var/rpmbuild/BUILD/casapy-stable/casapy-stable-42.0.26945/code/display/DisplayDatas/LatticePADMVector.tcc, line 94)	Units of image are not angular, assuming degrees
2018-04-02 02:30:32	WARN	LatticePADMVector::drawDataSelf (file /var/rpmbuild/BUILD/casapy-stable/casapy-stable-42.0.26945/code/display/DisplayDatas/LatticePADMVector.tcc, line 94)	Units of image are not angular, assuming degrees
2018-04-02 02:30:32	WARN	LatticePADMVector::drawDataSelf (file /var/rpmbuild/BUILD/casapy-stable/casapy-stable-42.0.26945/code/display/DisplayDatas/LatticePADMVector.tcc, line 94)	Units of image are not angular, assuming degrees
2018-04-02 02:30:32	WARN	LatticePADMVector::drawDataSelf (file /var/rpmbuild/BUILD/casapy-stable/casapy-stable-42.0.26945/code/display/DisplayDatas/LatticePADMVector.tcc, line 94)	Units of image are not angular, assuming degrees
2018-04-02 02:30:32	WARN	LatticePADMVector::drawDataSelf (file /var/rpmbuild/BUILD/casapy-stable/casapy-stable-42.0.26945/code/display/DisplayDatas/LatticePADMVector.tcc, line 94)	Units of image are not angular, assuming degrees
2018-04-02 02:30:32	WARN	LatticePADMVector::drawDataSelf (file /var/rpmbuild/BUILD/casapy-stable/casapy-stable-42.0.26945/code/display/DisplayDatas/LatticePADMVector.tcc, line 94)	Units of image are not angular, assuming degrees
2018-04-02 02:30:33	WARN	LatticePADMVector::drawDataSelf (file /var/rpmbuild/BUILD/casapy-stable/casapy-stable-42.0.26945/code/display/DisplayDatas/LatticePADMVector.tcc, line 94)	Units of image are not angular, assuming degrees
2018-04-02 02:30:33	WARN	LatticePADMVector::drawDataSelf (file /var/rpmbuild/BUILD/casapy-stable/casapy-stable-42.0.26945/code/display/DisplayDatas/LatticePADMVector.tcc, line 94)	Units of image are not angular, assuming degrees
2018-04-02 02:30:33	WARN	LatticePADMVector::drawDataSelf (file /var/rpmbuild/BUILD/casapy-stable/casapy-stable-42.0.26945/code/display/DisplayDatas/LatticePADMVector.tcc, line 94)	Units of image are not angular, assuming degrees
2018-04-02 02:30:33	WARN	LatticePADMVector::drawDataSelf (file /var/rpmbuild/BUILD/casapy-stable/casapy-stable-42.0.26945/code/display/DisplayDatas/LatticePADMVector.tcc, line 94)	Units of image are not angular, assuming degrees
2018-04-02 02:30:34	WARN	LatticePADMVector::drawDataSelf (file /var/rpmbuild/BUILD/casapy-stable/casapy-stable-42.0.26945/code/display/DisplayDatas/LatticePADMVector.tcc, line 94)	Units of image are not angular, assuming degrees
2018-04-02 02:30:34	WARN	LatticePADMVector::drawDataSelf (file /var/rpmbuild/BUILD/casapy-stable/casapy-stable-42.0.26945/code/display/DisplayDatas/LatticePADMVector.tcc, line 94)	Units of image are not angular, assuming degrees
2018-04-02 02:30:35	WARN	LatticePADMVector::drawDataSelf (file /var/rpmbuild/BUILD/casapy-stable/casapy-stable-42.0.26945/code/display/DisplayDatas/LatticePADMVector.tcc, line 94)	Units of image are not angular, assuming degrees
2018-04-02 02:30:35	WARN	LatticePADMVector::drawDataSelf (file /var/rpmbuild/BUILD/casapy-stable/casapy-stable-42.0.26945/code/display/DisplayDatas/LatticePADMVector.tcc, line 94)	Units of image are not angular, assuming degrees
2018-04-02 02:30:37	WARN	LatticePADMVector::drawDataSelf (file /var/rpmbuild/BUILD/casapy-stable/casapy-stable-42.0.26945/code/display/DisplayDatas/LatticePADMVector.tcc, line 94)	Units of image are not angular, assuming degrees
2018-04-02 02:30:37	WARN	LatticePADMVector::drawDataSelf (file /var/rpmbuild/BUILD/casapy-stable/casapy-stable-42.0.26945/code/display/DisplayDatas/LatticePADMVector.tcc, line 94)	Units of image are not angular, assuming degrees
2018-04-02 02:30:37	WARN	LatticePADMVector::drawDataSelf (file /var/rpmbuild/BUILD/casapy-stable/casapy-stable-42.0.26945/code/display/DisplayDatas/LatticePADMVector.tcc, line 94)	Units of image are not angular, assuming degrees
2018-04-02 02:30:37	WARN	LatticePADMVector::drawDataSelf (file /var/rpmbuild/BUILD/casapy-stable/casapy-stable-42.0.26945/code/display/DisplayDatas/LatticePADMVector.tcc, line 94)	Units of image are not angular, assuming degrees
2018-04-02 02:30:48	WARN		FITS card 76: ORIGIN  = 'CASA 4.7.0-REL (r38335)
2018-04-02 02:30:48	WARN	+	'                                            
2018-04-02 02:30:48	WARN		String value contains non-ASCII_text.
2018-04-02 02:30:48	WARN		Comment contains non-ASCII_text.
2018-04-02 02:30:48	WARN		FITS card 76: ORIGIN  = 'CASA 4.7.0-REL (r38335)
2018-04-02 02:30:48	WARN	+	'                                            
2018-04-02 02:30:48	WARN		String value contains non-ASCII_text.
2018-04-02 02:30:48	WARN		Comment contains non-ASCII_text.
2018-04-02 02:30:48	WARN		FITS card 76: ORIGIN  = 'CASA 4.7.0-REL (r38335)
2018-04-02 02:30:48	WARN	+	'                                            
2018-04-02 02:30:48	WARN		String value contains non-ASCII_text.
2018-04-02 02:30:48	WARN		Comment contains non-ASCII_text.
2018-04-02 02:30:48	INFO	FITSCoordinateUtil::fromFITSHeader	Duplicate card 'origin'in header - only first will be used
2018-04-02 02:31:03	INFO	viewer::::casa	
2018-04-02 02:31:03	INFO	viewer::::casa+	##########################################
2018-04-02 02:31:03	INFO	viewer::::casa+	##### Begin Task: viewer             #####
2018-04-02 02:31:03	INFO	viewer::::casa	viewer(infile="",displaytype="raster",channel=0,zoom=1,
2018-04-02 02:31:03	INFO	viewer::::casa+	        outfile="",outscale=1.0,outdpi=300,outformat="jpg",outlandscape=False,
2018-04-02 02:31:03	INFO	viewer::::casa+	        gui=True)
2018-04-02 02:31:06	INFO	viewer::::casa	##### End Task: viewer               #####
2018-04-02 02:31:06	INFO	viewer::::casa+	##########################################
2018-04-02 02:31:06	WARN		FITS card 76: ORIGIN  = 'CASA 4.7.0-REL (r38335)
2018-04-02 02:31:06	WARN	+	'                                            
2018-04-02 02:31:06	WARN		String value contains non-ASCII_text.
2018-04-02 02:31:06	WARN		Comment contains non-ASCII_text.
2018-04-02 02:31:06	WARN		FITS card 76: ORIGIN  = 'CASA 4.7.0-REL (r38335)
2018-04-02 02:31:06	WARN	+	'                                            
2018-04-02 02:31:06	WARN		String value contains non-ASCII_text.
2018-04-02 02:31:06	WARN		Comment contains non-ASCII_text.
2018-04-02 02:31:06	WARN		FITS card 76: ORIGIN  = 'CASA 4.7.0-REL (r38335)
2018-04-02 02:31:06	WARN	+	'                                            
2018-04-02 02:31:06	WARN		String value contains non-ASCII_text.
2018-04-02 02:31:06	WARN		Comment contains non-ASCII_text.
2018-04-02 02:31:07	INFO	FITSCoordinateUtil::fromFITSHeader	Duplicate card 'origin'in header - only first will be used
2018-04-02 02:31:09	WARN		FITS card 76: ORIGIN  = 'CASA 4.7.0-REL (r38335)
2018-04-02 02:31:09	WARN	+	'                                            
2018-04-02 02:31:09	WARN		String value contains non-ASCII_text.
2018-04-02 02:31:09	WARN		Comment contains non-ASCII_text.
2018-04-02 02:31:09	WARN		FITS card 76: ORIGIN  = 'CASA 4.7.0-REL (r38335)
2018-04-02 02:31:09	WARN	+	'                                            
2018-04-02 02:31:09	WARN		String value contains non-ASCII_text.
2018-04-02 02:31:09	WARN		Comment contains non-ASCII_text.
2018-04-02 02:31:09	WARN		FITS card 76: ORIGIN  = 'CASA 4.7.0-REL (r38335)
2018-04-02 02:31:09	WARN	+	'                                            
2018-04-02 02:31:09	WARN		String value contains non-ASCII_text.
2018-04-02 02:31:09	WARN		Comment contains non-ASCII_text.
2018-04-02 02:31:09	INFO	FITSCoordinateUtil::fromFITSHeader	Duplicate card 'origin'in header - only first will be used
2018-04-02 02:31:16	WARN		FITS card 76: ORIGIN  = 'CASA 4.7.0-REL (r38335)
2018-04-02 02:31:16	WARN	+	'                                            
2018-04-02 02:31:16	WARN		String value contains non-ASCII_text.
2018-04-02 02:31:16	WARN		Comment contains non-ASCII_text.
2018-04-02 02:31:16	WARN		FITS card 76: ORIGIN  = 'CASA 4.7.0-REL (r38335)
2018-04-02 02:31:16	WARN	+	'                                            
2018-04-02 02:31:16	WARN		String value contains non-ASCII_text.
2018-04-02 02:31:16	WARN		Comment contains non-ASCII_text.
2018-04-02 02:31:16	WARN		FITS card 76: ORIGIN  = 'CASA 4.7.0-REL (r38335)
2018-04-02 02:31:16	WARN	+	'                                            
2018-04-02 02:31:16	WARN		String value contains non-ASCII_text.
2018-04-02 02:31:16	WARN		Comment contains non-ASCII_text.
2018-04-02 02:31:16	INFO	FITSCoordinateUtil::fromFITSHeader	Duplicate card 'origin'in header - only first will be used
2018-04-02 02:31:18	INFO	LatticeAsVector::setDefaultOptions 	Initial X and Y increments set to 10, 10
2018-04-02 02:31:18	INFO	LatticeAsVector::setDefaultOptions +	Use Adjust GUI to change to suit
2018-04-02 02:31:19	WARN	LatticePADMVector::drawDataSelf (file /var/rpmbuild/BUILD/casapy-stable/casapy-stable-42.0.26945/code/display/DisplayDatas/LatticePADMVector.tcc, line 94)	Units of image are not angular, assuming degrees
2018-04-02 02:31:20	WARN	LatticePADMVector::drawDataSelf (file /var/rpmbuild/BUILD/casapy-stable/casapy-stable-42.0.26945/code/display/DisplayDatas/LatticePADMVector.tcc, line 94)	Units of image are not angular, assuming degrees
2018-04-02 02:31:20	WARN	LatticePADMVector::drawDataSelf (file /var/rpmbuild/BUILD/casapy-stable/casapy-stable-42.0.26945/code/display/DisplayDatas/LatticePADMVector.tcc, line 94)	Units of image are not angular, assuming degrees
2018-04-02 02:31:21	WARN	LatticePADMVector::drawDataSelf (file /var/rpmbuild/BUILD/casapy-stable/casapy-stable-42.0.26945/code/display/DisplayDatas/LatticePADMVector.tcc, line 94)	Units of image are not angular, assuming degrees
2018-04-02 02:31:32	INFO	viewer::::casa	
2018-04-02 02:31:32	INFO	viewer::::casa+	##########################################
2018-04-02 02:31:32	INFO	viewer::::casa+	##### Begin Task: viewer             #####
2018-04-02 02:31:32	INFO	viewer::::casa	viewer(infile="",displaytype="raster",channel=0,zoom=1,
2018-04-02 02:31:32	INFO	viewer::::casa+	        outfile="",outscale=1.0,outdpi=300,outformat="jpg",outlandscape=False,
2018-04-02 02:31:32	INFO	viewer::::casa+	        gui=True)
2018-04-02 02:31:33	INFO	viewer::::casa	##### End Task: viewer               #####
2018-04-02 02:31:33	INFO	viewer::::casa+	##########################################
2018-04-02 02:31:35	WARN		FITS card 76: ORIGIN  = 'CASA 4.7.0-REL (r38335)
2018-04-02 02:31:35	WARN	+	'                                            
2018-04-02 02:31:35	WARN		String value contains non-ASCII_text.
2018-04-02 02:31:35	WARN		Comment contains non-ASCII_text.
2018-04-02 02:31:35	WARN		FITS card 76: ORIGIN  = 'CASA 4.7.0-REL (r38335)
2018-04-02 02:31:35	WARN	+	'                                            
2018-04-02 02:31:35	WARN		String value contains non-ASCII_text.
2018-04-02 02:31:35	WARN		Comment contains non-ASCII_text.
2018-04-02 02:31:35	WARN		FITS card 76: ORIGIN  = 'CASA 4.7.0-REL (r38335)
2018-04-02 02:31:35	WARN	+	'                                            
2018-04-02 02:31:35	WARN		String value contains non-ASCII_text.
2018-04-02 02:31:35	WARN		Comment contains non-ASCII_text.
2018-04-02 02:31:35	INFO	FITSCoordinateUtil::fromFITSHeader	Duplicate card 'origin'in header - only first will be used
2018-04-02 02:31:37	WARN		FITS card 76: ORIGIN  = 'CASA 4.7.0-REL (r38335)
2018-04-02 02:31:37	WARN	+	'                                            
2018-04-02 02:31:37	WARN		String value contains non-ASCII_text.
2018-04-02 02:31:37	WARN		Comment contains non-ASCII_text.
2018-04-02 02:31:37	WARN		FITS card 76: ORIGIN  = 'CASA 4.7.0-REL (r38335)
2018-04-02 02:31:37	WARN	+	'                                            
2018-04-02 02:31:37	WARN		String value contains non-ASCII_text.
2018-04-02 02:31:37	WARN		Comment contains non-ASCII_text.
2018-04-02 02:31:37	WARN		FITS card 76: ORIGIN  = 'CASA 4.7.0-REL (r38335)
2018-04-02 02:31:37	WARN	+	'                                            
2018-04-02 02:31:37	WARN		String value contains non-ASCII_text.
2018-04-02 02:31:37	WARN		Comment contains non-ASCII_text.
2018-04-02 02:31:38	INFO	FITSCoordinateUtil::fromFITSHeader	Duplicate card 'origin'in header - only first will be used
2018-04-02 02:32:02	WARN		FITS card 76: ORIGIN  = 'CASA 4.7.0-REL (r38335)
2018-04-02 02:32:02	WARN	+	'                                            
2018-04-02 02:32:02	WARN		String value contains non-ASCII_text.
2018-04-02 02:32:02	WARN		Comment contains non-ASCII_text.
2018-04-02 02:32:02	WARN		FITS card 76: ORIGIN  = 'CASA 4.7.0-REL (r38335)
2018-04-02 02:32:02	WARN	+	'                                            
2018-04-02 02:32:02	WARN		String value contains non-ASCII_text.
2018-04-02 02:32:02	WARN		Comment contains non-ASCII_text.
2018-04-02 02:32:02	WARN		FITS card 76: ORIGIN  = 'CASA 4.7.0-REL (r38335)
2018-04-02 02:32:02	WARN	+	'                                            
2018-04-02 02:32:02	WARN		String value contains non-ASCII_text.
2018-04-02 02:32:02	WARN		Comment contains non-ASCII_text.
2018-04-02 02:32:03	INFO	FITSCoordinateUtil::fromFITSHeader	Duplicate card 'origin'in header - only first will be used
2018-04-02 02:32:21	INFO	viewer::::casa	
2018-04-02 02:32:21	INFO	viewer::::casa+	##########################################
2018-04-02 02:32:21	INFO	viewer::::casa+	##### Begin Task: viewer             #####
2018-04-02 02:32:21	INFO	viewer::::casa	viewer(infile="",displaytype="raster",channel=0,zoom=1,
2018-04-02 02:32:21	INFO	viewer::::casa+	        outfile="",outscale=1.0,outdpi=300,outformat="jpg",outlandscape=False,
2018-04-02 02:32:21	INFO	viewer::::casa+	        gui=True)
2018-04-02 02:32:22	INFO	viewer::::casa	##### End Task: viewer               #####
2018-04-02 02:32:22	INFO	viewer::::casa+	##########################################
2018-04-02 02:32:24	WARN		FITS card 76: ORIGIN  = 'CASA 4.7.0-REL (r38335)
2018-04-02 02:32:24	WARN	+	'                                            
2018-04-02 02:32:24	WARN		String value contains non-ASCII_text.
2018-04-02 02:32:24	WARN		Comment contains non-ASCII_text.
2018-04-02 02:32:24	WARN		FITS card 76: ORIGIN  = 'CASA 4.7.0-REL (r38335)
2018-04-02 02:32:24	WARN	+	'                                            
2018-04-02 02:32:24	WARN		String value contains non-ASCII_text.
2018-04-02 02:32:24	WARN		Comment contains non-ASCII_text.
2018-04-02 02:32:24	WARN		FITS card 76: ORIGIN  = 'CASA 4.7.0-REL (r38335)
2018-04-02 02:32:24	WARN	+	'                                            
2018-04-02 02:32:24	WARN		String value contains non-ASCII_text.
2018-04-02 02:32:24	WARN		Comment contains non-ASCII_text.
2018-04-02 02:32:24	INFO	FITSCoordinateUtil::fromFITSHeader	Duplicate card 'origin'in header - only first will be used
2018-04-02 02:32:27	WARN		FITS card 76: ORIGIN  = 'CASA 4.7.0-REL (r38335)
2018-04-02 02:32:27	WARN	+	'                                            
2018-04-02 02:32:27	WARN		String value contains non-ASCII_text.
2018-04-02 02:32:27	WARN		Comment contains non-ASCII_text.
2018-04-02 02:32:27	WARN		FITS card 76: ORIGIN  = 'CASA 4.7.0-REL (r38335)
2018-04-02 02:32:27	WARN	+	'                                            
2018-04-02 02:32:27	WARN		String value contains non-ASCII_text.
2018-04-02 02:32:27	WARN		Comment contains non-ASCII_text.
2018-04-02 02:32:27	WARN		FITS card 76: ORIGIN  = 'CASA 4.7.0-REL (r38335)
2018-04-02 02:32:27	WARN	+	'                                            
2018-04-02 02:32:27	WARN		String value contains non-ASCII_text.
2018-04-02 02:32:27	WARN		Comment contains non-ASCII_text.
2018-04-02 02:32:27	INFO	FITSCoordinateUtil::fromFITSHeader	Duplicate card 'origin'in header - only first will be used
2018-04-02 02:32:34	WARN		FITS card 76: ORIGIN  = 'CASA 4.7.0-REL (r38335)
2018-04-02 02:32:34	WARN	+	'                                            
2018-04-02 02:32:34	WARN		String value contains non-ASCII_text.
2018-04-02 02:32:34	WARN		Comment contains non-ASCII_text.
2018-04-02 02:32:34	WARN		FITS card 76: ORIGIN  = 'CASA 4.7.0-REL (r38335)
2018-04-02 02:32:34	WARN	+	'                                            
2018-04-02 02:32:34	WARN		String value contains non-ASCII_text.
2018-04-02 02:32:34	WARN		Comment contains non-ASCII_text.
2018-04-02 02:32:34	WARN		FITS card 76: ORIGIN  = 'CASA 4.7.0-REL (r38335)
2018-04-02 02:32:34	WARN	+	'                                            
2018-04-02 02:32:34	WARN		String value contains non-ASCII_text.
2018-04-02 02:32:34	WARN		Comment contains non-ASCII_text.
2018-04-02 02:32:34	INFO	FITSCoordinateUtil::fromFITSHeader	Duplicate card 'origin'in header - only first will be used
2018-04-02 02:32:45	INFO	viewer::::casa	
2018-04-02 02:32:45	INFO	viewer::::casa+	##########################################
2018-04-02 02:32:45	INFO	viewer::::casa+	##### Begin Task: viewer             #####
2018-04-02 02:32:45	INFO	viewer::::casa	viewer(infile="",displaytype="raster",channel=0,zoom=1,
2018-04-02 02:32:45	INFO	viewer::::casa+	        outfile="",outscale=1.0,outdpi=300,outformat="jpg",outlandscape=False,
2018-04-02 02:32:45	INFO	viewer::::casa+	        gui=True)
2018-04-02 02:32:45	SEVERE	viewer::::casa	An error occurred running task viewer.
2018-04-02 02:33:19	INFO	viewer::::casa	
2018-04-02 02:33:19	INFO	viewer::::casa+	##########################################
2018-04-02 02:33:19	INFO	viewer::::casa+	##### Begin Task: viewer             #####
2018-04-02 02:33:19	INFO	viewer::::casa	viewer(infile="",displaytype="raster",channel=0,zoom=1,
2018-04-02 02:33:19	INFO	viewer::::casa+	        outfile="",outscale=1.0,outdpi=300,outformat="jpg",outlandscape=False,
2018-04-02 02:33:19	INFO	viewer::::casa+	        gui=True)
2018-04-02 02:33:19	SEVERE	viewer::::casa	An error occurred running task viewer.
2018-04-02 02:33:31	INFO	viewer::::casa	
2018-04-02 02:33:31	INFO	viewer::::casa+	##########################################
2018-04-02 02:33:31	INFO	viewer::::casa+	##### Begin Task: viewer             #####
2018-04-02 02:33:31	INFO	viewer::::casa	viewer(infile="",displaytype="raster",channel=0,zoom=1,
2018-04-02 02:33:31	INFO	viewer::::casa+	        outfile="",outscale=1.0,outdpi=300,outformat="jpg",outlandscape=False,
2018-04-02 02:33:31	INFO	viewer::::casa+	        gui=True)
2018-04-02 02:33:31	SEVERE	viewer::::casa	An error occurred running task viewer.
2018-04-02 02:33:35	INFO	viewer::::casa	
2018-04-02 02:33:35	INFO	viewer::::casa+	##########################################
2018-04-02 02:33:35	INFO	viewer::::casa+	##### Begin Task: viewer             #####
2018-04-02 02:33:35	INFO	viewer::::casa	viewer(infile="",displaytype="raster",channel=0,zoom=1,
2018-04-02 02:33:35	INFO	viewer::::casa+	        outfile="",outscale=1.0,outdpi=300,outformat="jpg",outlandscape=False,
2018-04-02 02:33:35	INFO	viewer::::casa+	        gui=True)
2018-04-02 02:33:35	SEVERE	viewer::::casa	An error occurred running task viewer.
2018-04-02 02:34:01	INFO	viewer::::casa	
2018-04-02 02:34:01	INFO	viewer::::casa+	##########################################
2018-04-02 02:34:01	INFO	viewer::::casa+	##### Begin Task: viewer             #####
2018-04-02 02:34:01	INFO	viewer::::casa	viewer(infile="",displaytype="raster",channel=0,zoom=1,
2018-04-02 02:34:01	INFO	viewer::::casa+	        outfile="",outscale=1.0,outdpi=300,outformat="jpg",outlandscape=False,
2018-04-02 02:34:01	INFO	viewer::::casa+	        gui=True)
2018-04-02 02:34:01	SEVERE	viewer::::casa	An error occurred running task viewer.
2018-04-02 02:34:08	INFO	viewer::::casa	
2018-04-02 02:34:08	INFO	viewer::::casa+	##########################################
2018-04-02 02:34:08	INFO	viewer::::casa+	##### Begin Task: viewer             #####
2018-04-02 02:34:08	INFO	viewer::::casa	viewer(infile="",displaytype="raster",channel=0,zoom=1,
2018-04-02 02:34:08	INFO	viewer::::casa+	        outfile="",outscale=1.0,outdpi=300,outformat="jpg",outlandscape=False,
2018-04-02 02:34:08	INFO	viewer::::casa+	        gui=True)
2018-04-02 02:34:08	SEVERE	viewer::::casa	An error occurred running task viewer.
2018-04-02 02:34:13	INFO	viewer::::casa	
2018-04-02 02:34:13	INFO	viewer::::casa+	##########################################
2018-04-02 02:34:13	INFO	viewer::::casa+	##### Begin Task: viewer             #####
2018-04-02 02:34:13	INFO	viewer::::casa	viewer(infile="",displaytype="raster",channel=0,zoom=1,
2018-04-02 02:34:13	INFO	viewer::::casa+	        outfile="",outscale=1.0,outdpi=300,outformat="jpg",outlandscape=False,
2018-04-02 02:34:13	INFO	viewer::::casa+	        gui=True)
2018-04-02 02:34:13	SEVERE	viewer::::casa	An error occurred running task viewer.
2018-04-02 02:34:32	INFO	viewer::::casa	
2018-04-02 02:34:32	INFO	viewer::::casa+	##########################################
2018-04-02 02:34:32	INFO	viewer::::casa+	##### Begin Task: viewer             #####
2018-04-02 02:34:32	INFO	viewer::::casa	viewer(infile="",displaytype="raster",channel=0,zoom=1,
2018-04-02 02:34:32	INFO	viewer::::casa+	        outfile="",outscale=1.0,outdpi=300,outformat="jpg",outlandscape=False,
2018-04-02 02:34:32	INFO	viewer::::casa+	        gui=True)
2018-04-02 02:34:32	SEVERE	viewer::::casa	An error occurred running task viewer.
2018-04-02 02:34:37	INFO	viewer::::casa	
2018-04-02 02:34:37	INFO	viewer::::casa+	##########################################
2018-04-02 02:34:37	INFO	viewer::::casa+	##### Begin Task: viewer             #####
2018-04-02 02:34:37	INFO	viewer::::casa	viewer(infile="",displaytype="raster",channel=0,zoom=1,
2018-04-02 02:34:37	INFO	viewer::::casa+	        outfile="",outscale=1.0,outdpi=300,outformat="jpg",outlandscape=False,
2018-04-02 02:34:37	INFO	viewer::::casa+	        gui=True)
2018-04-02 02:34:37	SEVERE	viewer::::casa	An error occurred running task viewer.
